[2026-01-13T22:16:46.941+0000] {local_task_job_runner.py:120} INFO - ::group::Pre task execution logs
[2026-01-13T22:16:47.068+0000] {taskinstance.py:2076} INFO - Dependencies all met for dep_context=non-requeueable deps ti=<TaskInstance: flights_ops_medallion_pipe.silver_transform manual__2026-01-13T22:16:27.986587+00:00 [queued]>
[2026-01-13T22:16:47.097+0000] {taskinstance.py:2076} INFO - Dependencies all met for dep_context=requeueable deps ti=<TaskInstance: flights_ops_medallion_pipe.silver_transform manual__2026-01-13T22:16:27.986587+00:00 [queued]>
[2026-01-13T22:16:47.099+0000] {taskinstance.py:2306} INFO - Starting attempt 1 of 1
[2026-01-13T22:16:47.132+0000] {taskinstance.py:2330} INFO - Executing <Task(PythonOperator): silver_transform> on 2026-01-13 22:16:27.986587+00:00
[2026-01-13T22:16:47.166+0000] {standard_task_runner.py:90} INFO - Running: ['airflow', 'tasks', 'run', '***_ops_medallion_pipe', 'silver_transform', 'manual__2026-01-13T22:16:27.986587+00:00', '--job-id', '11', '--raw', '--subdir', 'DAGS_FOLDER/flight-pipeline.py', '--cfg-path', '/tmp/tmp6r0wv5kl']
[2026-01-13T22:16:47.175+0000] {logging_mixin.py:188} WARNING - /home/airflow/.local/lib/python3.12/site-packages/airflow/task/task_runner/standard_task_runner.py:62 DeprecationWarning: This process (pid=263) is multi-threaded, use of fork() may lead to deadlocks in the child.
[2026-01-13T22:16:47.175+0000] {standard_task_runner.py:91} INFO - Job 11: Subtask silver_transform
[2026-01-13T22:16:47.177+0000] {standard_task_runner.py:64} INFO - Started process 276 to run task
[2026-01-13T22:16:47.320+0000] {task_command.py:426} INFO - Running <TaskInstance: flights_ops_medallion_pipe.silver_transform manual__2026-01-13T22:16:27.986587+00:00 [running]> on host 3e03ac62b314
[2026-01-13T22:16:47.587+0000] {taskinstance.py:2648} INFO - Exporting env vars: AIRFLOW_CTX_DAG_OWNER='airflow' AIRFLOW_CTX_DAG_ID='***_ops_medallion_pipe' AIRFLOW_CTX_TASK_ID='silver_transform' AIRFLOW_CTX_EXECUTION_DATE='2026-01-13T22:16:27.986587+00:00' AIRFLOW_CTX_TRY_NUMBER='1' AIRFLOW_CTX_DAG_RUN_ID='manual__2026-01-13T22:16:27.986587+00:00'
[2026-01-13T22:16:47.591+0000] {taskinstance.py:430} INFO - ::endgroup::
[2026-01-13T22:16:47.768+0000] {logging_mixin.py:188} WARNING - /opt/airflow/scripts/sliver_transform.py:26 UserWarning: Pandas doesn't allow columns to be created via a new attribute name - see https://pandas.pydata.org/pandas-docs/stable/indexing.html#attribute-access
[2026-01-13T22:16:47.771+0000] {taskinstance.py:441} INFO - ::group::Post task execution logs
[2026-01-13T22:16:47.772+0000] {taskinstance.py:2905} ERROR - Task failed with exception
Traceback (most recent call last):
  File "/home/airflow/.local/lib/python3.12/site-packages/airflow/models/taskinstance.py", line 465, in _execute_task
    result = _execute_callable(context=context, **execute_callable_kwargs)
             ^^^^^^^^^^^^^^^^^^^^^^^^^^^^^^^^^^^^^^^^^^^^^^^^^^^^^^^^^^^^^
  File "/home/airflow/.local/lib/python3.12/site-packages/airflow/models/taskinstance.py", line 432, in _execute_callable
    return execute_callable(context=context, **execute_callable_kwargs)
           ^^^^^^^^^^^^^^^^^^^^^^^^^^^^^^^^^^^^^^^^^^^^^^^^^^^^^^^^^^^^
  File "/home/airflow/.local/lib/python3.12/site-packages/airflow/models/baseoperator.py", line 401, in wrapper
    return func(self, *args, **kwargs)
           ^^^^^^^^^^^^^^^^^^^^^^^^^^^
  File "/home/airflow/.local/lib/python3.12/site-packages/airflow/operators/python.py", line 235, in execute
    return_value = self.execute_callable()
                   ^^^^^^^^^^^^^^^^^^^^^^^
  File "/home/airflow/.local/lib/python3.12/site-packages/airflow/operators/python.py", line 252, in execute_callable
    return self.python_callable(*self.op_args, **self.op_kwargs)
           ^^^^^^^^^^^^^^^^^^^^^^^^^^^^^^^^^^^^^^^^^^^^^^^^^^^^^
  File "/opt/airflow/scripts/sliver_transform.py", line 35, in run_silver_transform
    df = df_raw[
         ^^^^^^^
  File "/home/airflow/.local/lib/python3.12/site-packages/pandas/core/frame.py", line 3899, in __getitem__
    indexer = self.columns._get_indexer_strict(key, "columns")[1]
              ^^^^^^^^^^^^^^^^^^^^^^^^^^^^^^^^^^^^^^^^^^^^^^^^
  File "/home/airflow/.local/lib/python3.12/site-packages/pandas/core/indexes/base.py", line 6115, in _get_indexer_strict
    self._raise_if_missing(keyarr, indexer, axis_name)
  File "/home/airflow/.local/lib/python3.12/site-packages/pandas/core/indexes/base.py", line 6176, in _raise_if_missing
    raise KeyError(f"None of [{key}] are in the [{axis_name}]")
KeyError: "None of [Index(['icao24', 'origin_country', 'velocity', 'geo_altitude'], dtype='object')] are in the [columns]"
[2026-01-13T22:16:47.817+0000] {taskinstance.py:1206} INFO - Marking task as FAILED. dag_id=***_ops_medallion_pipe, task_id=silver_transform, run_id=manual__2026-01-13T22:16:27.986587+00:00, execution_date=20260113T221627, start_date=20260113T221647, end_date=20260113T221647
[2026-01-13T22:16:47.861+0000] {standard_task_runner.py:110} ERROR - Failed to execute job 11 for task silver_transform ("None of [Index(['icao24', 'origin_country', 'velocity', 'geo_altitude'], dtype='object')] are in the [columns]"; 276)
[2026-01-13T22:16:47.883+0000] {local_task_job_runner.py:243} INFO - Task exited with return code 1
[2026-01-13T22:16:47.923+0000] {taskinstance.py:3503} INFO - 0 downstream tasks scheduled from follow-on schedule check
[2026-01-13T22:16:47.930+0000] {local_task_job_runner.py:222} INFO - ::endgroup::
